The system is: Linux - 6.8.0-45-generic - x86_64
Compiling the C compiler identification source file "CMakeCCompilerId.c" succeeded.
Compiler: /usr/bin/clang-16 
Build flags: 
Id flags:  

The output was:
0


Compilation of the C compiler identification source "CMakeCCompilerId.c" produced "a.out"

The C compiler identification is Clang, found in "/symcc/build_symcc/SymCCRuntime-prefix/src/SymCCRuntime-build/CMakeFiles/3.16.3/CompilerIdC/a.out"

Compiling the CXX compiler identification source file "CMakeCXXCompilerId.cpp" succeeded.
Compiler: /usr/bin/clang++-16 
Build flags: 
Id flags:  

The output was:
0


Compilation of the CXX compiler identification source "CMakeCXXCompilerId.cpp" produced "a.out"

The CXX compiler identification is Clang, found in "/symcc/build_symcc/SymCCRuntime-prefix/src/SymCCRuntime-build/CMakeFiles/3.16.3/CompilerIdCXX/a.out"

Determining if the C compiler works passed with the following output:
Change Dir: /symcc/build_symcc/SymCCRuntime-prefix/src/SymCCRuntime-build/CMakeFiles/CMakeTmp

Run Build Command(s):/usr/bin/ninja cmTC_c6579 && [1/2] Building C object CMakeFiles/cmTC_c6579.dir/testCCompiler.c.o
[2/2] Linking C executable cmTC_c6579



Detecting C compiler ABI info compiled with the following output:
Change Dir: /symcc/build_symcc/SymCCRuntime-prefix/src/SymCCRuntime-build/CMakeFiles/CMakeTmp

Run Build Command(s):/usr/bin/ninja cmTC_bc0d1 && [1/2] Building C object CMakeFiles/cmTC_bc0d1.dir/CMakeCCompilerABI.c.o
Ubuntu clang version 16.0.6 (++20231112100455+7cbf1a259152-1~exp1~20231112100542.106)
Target: x86_64-pc-linux-gnu
Thread model: posix
InstalledDir: /usr/bin
Found candidate GCC installation: /usr/bin/../lib/gcc/x86_64-linux-gnu/11
Found candidate GCC installation: /usr/bin/../lib/gcc/x86_64-linux-gnu/13
Found candidate GCC installation: /usr/bin/../lib/gcc/x86_64-linux-gnu/9
Selected GCC installation: /usr/bin/../lib/gcc/x86_64-linux-gnu/13
Candidate multilib: .;@m64
Selected multilib: .;@m64
 (in-process)
 "/usr/lib/llvm-16/bin/clang" -cc1 -triple x86_64-pc-linux-gnu -emit-obj -mrelax-all -disable-free -clear-ast-before-backend -disable-llvm-verifier -discard-value-names -main-file-name CMakeCCompilerABI.c -mrelocation-model pic -pic-level 2 -pic-is-pie -mframe-pointer=all -fmath-errno -ffp-contract=on -fno-rounding-math -mconstructor-aliases -funwind-tables=2 -target-cpu x86-64 -tune-cpu generic -mllvm -treat-scalable-fixed-error-as-warning -debugger-tuning=gdb -v -fcoverage-compilation-dir=/symcc/build_symcc/SymCCRuntime-prefix/src/SymCCRuntime-build/CMakeFiles/CMakeTmp -resource-dir /usr/lib/llvm-16/lib/clang/16 -internal-isystem /usr/lib/llvm-16/lib/clang/16/include -internal-isystem /usr/local/include -internal-isystem /usr/bin/../lib/gcc/x86_64-linux-gnu/13/../../../../x86_64-linux-gnu/include -internal-externc-isystem /usr/include/x86_64-linux-gnu -internal-externc-isystem /include -internal-externc-isystem /usr/include -fdebug-compilation-dir=/symcc/build_symcc/SymCCRuntime-prefix/src/SymCCRuntime-build/CMakeFiles/CMakeTmp -ferror-limit 19 -fgnuc-version=4.2.1 -faddrsig -D__GCC_HAVE_DWARF2_CFI_ASM=1 -o CMakeFiles/cmTC_bc0d1.dir/CMakeCCompilerABI.c.o -x c /usr/share/cmake-3.16/Modules/CMakeCCompilerABI.c
clang -cc1 version 16.0.6 based upon LLVM 16.0.6 default target x86_64-pc-linux-gnu
ignoring nonexistent directory "/usr/bin/../lib/gcc/x86_64-linux-gnu/13/../../../../x86_64-linux-gnu/include"
ignoring nonexistent directory "/include"
#include "..." search starts here:
#include <...> search starts here:
 /usr/lib/llvm-16/lib/clang/16/include
 /usr/local/include
 /usr/include/x86_64-linux-gnu
 /usr/include
End of search list.
[2/2] Linking C executable cmTC_bc0d1
Ubuntu clang version 16.0.6 (++20231112100455+7cbf1a259152-1~exp1~20231112100542.106)
Target: x86_64-pc-linux-gnu
Thread model: posix
InstalledDir: /usr/bin
Found candidate GCC installation: /usr/bin/../lib/gcc/x86_64-linux-gnu/11
Found candidate GCC installation: /usr/bin/../lib/gcc/x86_64-linux-gnu/13
Found candidate GCC installation: /usr/bin/../lib/gcc/x86_64-linux-gnu/9
Selected GCC installation: /usr/bin/../lib/gcc/x86_64-linux-gnu/13
Candidate multilib: .;@m64
Selected multilib: .;@m64
 "/usr/bin/ld" -pie -z relro --hash-style=gnu --build-id --eh-frame-hdr -m elf_x86_64 -dynamic-linker /lib64/ld-linux-x86-64.so.2 -o cmTC_bc0d1 /lib/x86_64-linux-gnu/Scrt1.o /lib/x86_64-linux-gnu/crti.o /usr/bin/../lib/gcc/x86_64-linux-gnu/13/crtbeginS.o -L/usr/bin/../lib/gcc/x86_64-linux-gnu/13 -L/usr/bin/../lib/gcc/x86_64-linux-gnu/13/../../../../lib64 -L/lib/x86_64-linux-gnu -L/lib/../lib64 -L/usr/lib/x86_64-linux-gnu -L/usr/lib/../lib64 -L/lib -L/usr/lib CMakeFiles/cmTC_bc0d1.dir/CMakeCCompilerABI.c.o -lgcc --as-needed -lgcc_s --no-as-needed -lc -lgcc --as-needed -lgcc_s --no-as-needed /usr/bin/../lib/gcc/x86_64-linux-gnu/13/crtendS.o /lib/x86_64-linux-gnu/crtn.o



Parsed C implicit include dir info from above output: rv=done
  found start of include info
  found start of implicit include info
    add: [/usr/lib/llvm-16/lib/clang/16/include]
    add: [/usr/local/include]
    add: [/usr/include/x86_64-linux-gnu]
    add: [/usr/include]
  end of search list found
  collapse include dir [/usr/lib/llvm-16/lib/clang/16/include] ==> [/usr/lib/llvm-16/lib/clang/16/include]
  collapse include dir [/usr/local/include] ==> [/usr/local/include]
  collapse include dir [/usr/include/x86_64-linux-gnu] ==> [/usr/include/x86_64-linux-gnu]
  collapse include dir [/usr/include] ==> [/usr/include]
  implicit include dirs: [/usr/lib/llvm-16/lib/clang/16/include;/usr/local/include;/usr/include/x86_64-linux-gnu;/usr/include]


Parsed C implicit link information from above output:
  link line regex: [^( *|.*[/\])(ld|CMAKE_LINK_STARTFILE-NOTFOUND|([^/\]+-)?ld|collect2)[^/\]*( |$)]
  ignore line: [Change Dir: /symcc/build_symcc/SymCCRuntime-prefix/src/SymCCRuntime-build/CMakeFiles/CMakeTmp]
  ignore line: []
  ignore line: [Run Build Command(s):/usr/bin/ninja cmTC_bc0d1 && [1/2] Building C object CMakeFiles/cmTC_bc0d1.dir/CMakeCCompilerABI.c.o]
  ignore line: [Ubuntu clang version 16.0.6 (++20231112100455+7cbf1a259152-1~exp1~20231112100542.106)]
  ignore line: [Target: x86_64-pc-linux-gnu]
  ignore line: [Thread model: posix]
  ignore line: [InstalledDir: /usr/bin]
  ignore line: [Found candidate GCC installation: /usr/bin/../lib/gcc/x86_64-linux-gnu/11]
  ignore line: [Found candidate GCC installation: /usr/bin/../lib/gcc/x86_64-linux-gnu/13]
  ignore line: [Found candidate GCC installation: /usr/bin/../lib/gcc/x86_64-linux-gnu/9]
  ignore line: [Selected GCC installation: /usr/bin/../lib/gcc/x86_64-linux-gnu/13]
  ignore line: [Candidate multilib: .]
  ignore line: [@m64]
  ignore line: [Selected multilib: .]
  ignore line: [@m64]
  ignore line: [ (in-process)]
  ignore line: [ "/usr/lib/llvm-16/bin/clang" -cc1 -triple x86_64-pc-linux-gnu -emit-obj -mrelax-all -disable-free -clear-ast-before-backend -disable-llvm-verifier -discard-value-names -main-file-name CMakeCCompilerABI.c -mrelocation-model pic -pic-level 2 -pic-is-pie -mframe-pointer=all -fmath-errno -ffp-contract=on -fno-rounding-math -mconstructor-aliases -funwind-tables=2 -target-cpu x86-64 -tune-cpu generic -mllvm -treat-scalable-fixed-error-as-warning -debugger-tuning=gdb -v -fcoverage-compilation-dir=/symcc/build_symcc/SymCCRuntime-prefix/src/SymCCRuntime-build/CMakeFiles/CMakeTmp -resource-dir /usr/lib/llvm-16/lib/clang/16 -internal-isystem /usr/lib/llvm-16/lib/clang/16/include -internal-isystem /usr/local/include -internal-isystem /usr/bin/../lib/gcc/x86_64-linux-gnu/13/../../../../x86_64-linux-gnu/include -internal-externc-isystem /usr/include/x86_64-linux-gnu -internal-externc-isystem /include -internal-externc-isystem /usr/include -fdebug-compilation-dir=/symcc/build_symcc/SymCCRuntime-prefix/src/SymCCRuntime-build/CMakeFiles/CMakeTmp -ferror-limit 19 -fgnuc-version=4.2.1 -faddrsig -D__GCC_HAVE_DWARF2_CFI_ASM=1 -o CMakeFiles/cmTC_bc0d1.dir/CMakeCCompilerABI.c.o -x c /usr/share/cmake-3.16/Modules/CMakeCCompilerABI.c]
  ignore line: [clang -cc1 version 16.0.6 based upon LLVM 16.0.6 default target x86_64-pc-linux-gnu]
  ignore line: [ignoring nonexistent directory "/usr/bin/../lib/gcc/x86_64-linux-gnu/13/../../../../x86_64-linux-gnu/include"]
  ignore line: [ignoring nonexistent directory "/include"]
  ignore line: [#include "..." search starts here:]
  ignore line: [#include <...> search starts here:]
  ignore line: [ /usr/lib/llvm-16/lib/clang/16/include]
  ignore line: [ /usr/local/include]
  ignore line: [ /usr/include/x86_64-linux-gnu]
  ignore line: [ /usr/include]
  ignore line: [End of search list.]
  ignore line: [[2/2] Linking C executable cmTC_bc0d1]
  ignore line: [Ubuntu clang version 16.0.6 (++20231112100455+7cbf1a259152-1~exp1~20231112100542.106)]
  ignore line: [Target: x86_64-pc-linux-gnu]
  ignore line: [Thread model: posix]
  ignore line: [InstalledDir: /usr/bin]
  ignore line: [Found candidate GCC installation: /usr/bin/../lib/gcc/x86_64-linux-gnu/11]
  ignore line: [Found candidate GCC installation: /usr/bin/../lib/gcc/x86_64-linux-gnu/13]
  ignore line: [Found candidate GCC installation: /usr/bin/../lib/gcc/x86_64-linux-gnu/9]
  ignore line: [Selected GCC installation: /usr/bin/../lib/gcc/x86_64-linux-gnu/13]
  ignore line: [Candidate multilib: .]
  ignore line: [@m64]
  ignore line: [Selected multilib: .]
  ignore line: [@m64]
  link line: [ "/usr/bin/ld" -pie -z relro --hash-style=gnu --build-id --eh-frame-hdr -m elf_x86_64 -dynamic-linker /lib64/ld-linux-x86-64.so.2 -o cmTC_bc0d1 /lib/x86_64-linux-gnu/Scrt1.o /lib/x86_64-linux-gnu/crti.o /usr/bin/../lib/gcc/x86_64-linux-gnu/13/crtbeginS.o -L/usr/bin/../lib/gcc/x86_64-linux-gnu/13 -L/usr/bin/../lib/gcc/x86_64-linux-gnu/13/../../../../lib64 -L/lib/x86_64-linux-gnu -L/lib/../lib64 -L/usr/lib/x86_64-linux-gnu -L/usr/lib/../lib64 -L/lib -L/usr/lib CMakeFiles/cmTC_bc0d1.dir/CMakeCCompilerABI.c.o -lgcc --as-needed -lgcc_s --no-as-needed -lc -lgcc --as-needed -lgcc_s --no-as-needed /usr/bin/../lib/gcc/x86_64-linux-gnu/13/crtendS.o /lib/x86_64-linux-gnu/crtn.o]
    arg [/usr/bin/ld] ==> ignore
    arg [-pie] ==> ignore
    arg [-zrelro] ==> ignore
    arg [--hash-style=gnu] ==> ignore
    arg [--build-id] ==> ignore
    arg [--eh-frame-hdr] ==> ignore
    arg [-m] ==> ignore
    arg [elf_x86_64] ==> ignore
    arg [-dynamic-linker] ==> ignore
    arg [/lib64/ld-linux-x86-64.so.2] ==> ignore
    arg [-o] ==> ignore
    arg [cmTC_bc0d1] ==> ignore
    arg [/lib/x86_64-linux-gnu/Scrt1.o] ==> ignore
    arg [/lib/x86_64-linux-gnu/crti.o] ==> ignore
    arg [/usr/bin/../lib/gcc/x86_64-linux-gnu/13/crtbeginS.o] ==> ignore
    arg [-L/usr/bin/../lib/gcc/x86_64-linux-gnu/13] ==> dir [/usr/bin/../lib/gcc/x86_64-linux-gnu/13]
    arg [-L/usr/bin/../lib/gcc/x86_64-linux-gnu/13/../../../../lib64] ==> dir [/usr/bin/../lib/gcc/x86_64-linux-gnu/13/../../../../lib64]
    arg [-L/lib/x86_64-linux-gnu] ==> dir [/lib/x86_64-linux-gnu]
    arg [-L/lib/../lib64] ==> dir [/lib/../lib64]
    arg [-L/usr/lib/x86_64-linux-gnu] ==> dir [/usr/lib/x86_64-linux-gnu]
    arg [-L/usr/lib/../lib64] ==> dir [/usr/lib/../lib64]
    arg [-L/lib] ==> dir [/lib]
    arg [-L/usr/lib] ==> dir [/usr/lib]
    arg [CMakeFiles/cmTC_bc0d1.dir/CMakeCCompilerABI.c.o] ==> ignore
    arg [-lgcc] ==> lib [gcc]
    arg [--as-needed] ==> ignore
    arg [-lgcc_s] ==> lib [gcc_s]
    arg [--no-as-needed] ==> ignore
    arg [-lc] ==> lib [c]
    arg [-lgcc] ==> lib [gcc]
    arg [--as-needed] ==> ignore
    arg [-lgcc_s] ==> lib [gcc_s]
    arg [--no-as-needed] ==> ignore
    arg [/usr/bin/../lib/gcc/x86_64-linux-gnu/13/crtendS.o] ==> ignore
    arg [/lib/x86_64-linux-gnu/crtn.o] ==> ignore
  collapse library dir [/usr/bin/../lib/gcc/x86_64-linux-gnu/13] ==> [/usr/lib/gcc/x86_64-linux-gnu/13]
  collapse library dir [/usr/bin/../lib/gcc/x86_64-linux-gnu/13/../../../../lib64] ==> [/usr/lib64]
  collapse library dir [/lib/x86_64-linux-gnu] ==> [/lib/x86_64-linux-gnu]
  collapse library dir [/lib/../lib64] ==> [/lib64]
  collapse library dir [/usr/lib/x86_64-linux-gnu] ==> [/usr/lib/x86_64-linux-gnu]
  collapse library dir [/usr/lib/../lib64] ==> [/usr/lib64]
  collapse library dir [/lib] ==> [/lib]
  collapse library dir [/usr/lib] ==> [/usr/lib]
  implicit libs: [gcc;gcc_s;c;gcc;gcc_s]
  implicit dirs: [/usr/lib/gcc/x86_64-linux-gnu/13;/usr/lib64;/lib/x86_64-linux-gnu;/lib64;/usr/lib/x86_64-linux-gnu;/lib;/usr/lib]
  implicit fwks: []


Determining if the CXX compiler works passed with the following output:
Change Dir: /symcc/build_symcc/SymCCRuntime-prefix/src/SymCCRuntime-build/CMakeFiles/CMakeTmp

Run Build Command(s):/usr/bin/ninja cmTC_92f47 && [1/2] Building CXX object CMakeFiles/cmTC_92f47.dir/testCXXCompiler.cxx.o
[2/2] Linking CXX executable cmTC_92f47



Detecting CXX compiler ABI info compiled with the following output:
Change Dir: /symcc/build_symcc/SymCCRuntime-prefix/src/SymCCRuntime-build/CMakeFiles/CMakeTmp

Run Build Command(s):/usr/bin/ninja cmTC_2ab00 && [1/2] Building CXX object CMakeFiles/cmTC_2ab00.dir/CMakeCXXCompilerABI.cpp.o
Ubuntu clang version 16.0.6 (++20231112100455+7cbf1a259152-1~exp1~20231112100542.106)
Target: x86_64-pc-linux-gnu
Thread model: posix
InstalledDir: /usr/bin
Found candidate GCC installation: /usr/bin/../lib/gcc/x86_64-linux-gnu/11
Found candidate GCC installation: /usr/bin/../lib/gcc/x86_64-linux-gnu/13
Found candidate GCC installation: /usr/bin/../lib/gcc/x86_64-linux-gnu/9
Selected GCC installation: /usr/bin/../lib/gcc/x86_64-linux-gnu/13
Candidate multilib: .;@m64
Selected multilib: .;@m64
 (in-process)
 "/usr/lib/llvm-16/bin/clang" -cc1 -triple x86_64-pc-linux-gnu -emit-obj -mrelax-all -disable-free -clear-ast-before-backend -disable-llvm-verifier -discard-value-names -main-file-name CMakeCXXCompilerABI.cpp -mrelocation-model pic -pic-level 2 -pic-is-pie -mframe-pointer=all -fmath-errno -ffp-contract=on -fno-rounding-math -mconstructor-aliases -funwind-tables=2 -target-cpu x86-64 -tune-cpu generic -mllvm -treat-scalable-fixed-error-as-warning -debugger-tuning=gdb -v -fcoverage-compilation-dir=/symcc/build_symcc/SymCCRuntime-prefix/src/SymCCRuntime-build/CMakeFiles/CMakeTmp -resource-dir /usr/lib/llvm-16/lib/clang/16 -internal-isystem /usr/bin/../lib/gcc/x86_64-linux-gnu/13/../../../../include/c++/13 -internal-isystem /usr/bin/../lib/gcc/x86_64-linux-gnu/13/../../../../include/x86_64-linux-gnu/c++/13 -internal-isystem /usr/bin/../lib/gcc/x86_64-linux-gnu/13/../../../../include/c++/13/backward -internal-isystem /usr/lib/llvm-16/lib/clang/16/include -internal-isystem /usr/local/include -internal-isystem /usr/bin/../lib/gcc/x86_64-linux-gnu/13/../../../../x86_64-linux-gnu/include -internal-externc-isystem /usr/include/x86_64-linux-gnu -internal-externc-isystem /include -internal-externc-isystem /usr/include -fdeprecated-macro -fdebug-compilation-dir=/symcc/build_symcc/SymCCRuntime-prefix/src/SymCCRuntime-build/CMakeFiles/CMakeTmp -ferror-limit 19 -fgnuc-version=4.2.1 -fcxx-exceptions -fexceptions -faddrsig -D__GCC_HAVE_DWARF2_CFI_ASM=1 -o CMakeFiles/cmTC_2ab00.dir/CMakeCXXCompilerABI.cpp.o -x c++ /usr/share/cmake-3.16/Modules/CMakeCXXCompilerABI.cpp
clang -cc1 version 16.0.6 based upon LLVM 16.0.6 default target x86_64-pc-linux-gnu
ignoring nonexistent directory "/usr/bin/../lib/gcc/x86_64-linux-gnu/13/../../../../x86_64-linux-gnu/include"
ignoring nonexistent directory "/include"
#include "..." search starts here:
#include <...> search starts here:
 /usr/bin/../lib/gcc/x86_64-linux-gnu/13/../../../../include/c++/13
 /usr/bin/../lib/gcc/x86_64-linux-gnu/13/../../../../include/x86_64-linux-gnu/c++/13
 /usr/bin/../lib/gcc/x86_64-linux-gnu/13/../../../../include/c++/13/backward
 /usr/lib/llvm-16/lib/clang/16/include
 /usr/local/include
 /usr/include/x86_64-linux-gnu
 /usr/include
End of search list.
[2/2] Linking CXX executable cmTC_2ab00
Ubuntu clang version 16.0.6 (++20231112100455+7cbf1a259152-1~exp1~20231112100542.106)
Target: x86_64-pc-linux-gnu
Thread model: posix
InstalledDir: /usr/bin
Found candidate GCC installation: /usr/bin/../lib/gcc/x86_64-linux-gnu/11
Found candidate GCC installation: /usr/bin/../lib/gcc/x86_64-linux-gnu/13
Found candidate GCC installation: /usr/bin/../lib/gcc/x86_64-linux-gnu/9
Selected GCC installation: /usr/bin/../lib/gcc/x86_64-linux-gnu/13
Candidate multilib: .;@m64
Selected multilib: .;@m64
 "/usr/bin/ld" -pie -z relro --hash-style=gnu --build-id --eh-frame-hdr -m elf_x86_64 -dynamic-linker /lib64/ld-linux-x86-64.so.2 -o cmTC_2ab00 /lib/x86_64-linux-gnu/Scrt1.o /lib/x86_64-linux-gnu/crti.o /usr/bin/../lib/gcc/x86_64-linux-gnu/13/crtbeginS.o -L/usr/bin/../lib/gcc/x86_64-linux-gnu/13 -L/usr/bin/../lib/gcc/x86_64-linux-gnu/13/../../../../lib64 -L/lib/x86_64-linux-gnu -L/lib/../lib64 -L/usr/lib/x86_64-linux-gnu -L/usr/lib/../lib64 -L/lib -L/usr/lib CMakeFiles/cmTC_2ab00.dir/CMakeCXXCompilerABI.cpp.o -lstdc++ -lm -lgcc_s -lgcc -lc -lgcc_s -lgcc /usr/bin/../lib/gcc/x86_64-linux-gnu/13/crtendS.o /lib/x86_64-linux-gnu/crtn.o



Parsed CXX implicit include dir info from above output: rv=done
  found start of include info
  found start of implicit include info
    add: [/usr/bin/../lib/gcc/x86_64-linux-gnu/13/../../../../include/c++/13]
    add: [/usr/bin/../lib/gcc/x86_64-linux-gnu/13/../../../../include/x86_64-linux-gnu/c++/13]
    add: [/usr/bin/../lib/gcc/x86_64-linux-gnu/13/../../../../include/c++/13/backward]
    add: [/usr/lib/llvm-16/lib/clang/16/include]
    add: [/usr/local/include]
    add: [/usr/include/x86_64-linux-gnu]
    add: [/usr/include]
  end of search list found
  collapse include dir [/usr/bin/../lib/gcc/x86_64-linux-gnu/13/../../../../include/c++/13] ==> [/usr/include/c++/13]
  collapse include dir [/usr/bin/../lib/gcc/x86_64-linux-gnu/13/../../../../include/x86_64-linux-gnu/c++/13] ==> [/usr/include/x86_64-linux-gnu/c++/13]
  collapse include dir [/usr/bin/../lib/gcc/x86_64-linux-gnu/13/../../../../include/c++/13/backward] ==> [/usr/include/c++/13/backward]
  collapse include dir [/usr/lib/llvm-16/lib/clang/16/include] ==> [/usr/lib/llvm-16/lib/clang/16/include]
  collapse include dir [/usr/local/include] ==> [/usr/local/include]
  collapse include dir [/usr/include/x86_64-linux-gnu] ==> [/usr/include/x86_64-linux-gnu]
  collapse include dir [/usr/include] ==> [/usr/include]
  implicit include dirs: [/usr/include/c++/13;/usr/include/x86_64-linux-gnu/c++/13;/usr/include/c++/13/backward;/usr/lib/llvm-16/lib/clang/16/include;/usr/local/include;/usr/include/x86_64-linux-gnu;/usr/include]


Parsed CXX implicit link information from above output:
  link line regex: [^( *|.*[/\])(ld|CMAKE_LINK_STARTFILE-NOTFOUND|([^/\]+-)?ld|collect2)[^/\]*( |$)]
  ignore line: [Change Dir: /symcc/build_symcc/SymCCRuntime-prefix/src/SymCCRuntime-build/CMakeFiles/CMakeTmp]
  ignore line: []
  ignore line: [Run Build Command(s):/usr/bin/ninja cmTC_2ab00 && [1/2] Building CXX object CMakeFiles/cmTC_2ab00.dir/CMakeCXXCompilerABI.cpp.o]
  ignore line: [Ubuntu clang version 16.0.6 (++20231112100455+7cbf1a259152-1~exp1~20231112100542.106)]
  ignore line: [Target: x86_64-pc-linux-gnu]
  ignore line: [Thread model: posix]
  ignore line: [InstalledDir: /usr/bin]
  ignore line: [Found candidate GCC installation: /usr/bin/../lib/gcc/x86_64-linux-gnu/11]
  ignore line: [Found candidate GCC installation: /usr/bin/../lib/gcc/x86_64-linux-gnu/13]
  ignore line: [Found candidate GCC installation: /usr/bin/../lib/gcc/x86_64-linux-gnu/9]
  ignore line: [Selected GCC installation: /usr/bin/../lib/gcc/x86_64-linux-gnu/13]
  ignore line: [Candidate multilib: .]
  ignore line: [@m64]
  ignore line: [Selected multilib: .]
  ignore line: [@m64]
  ignore line: [ (in-process)]
  ignore line: [ "/usr/lib/llvm-16/bin/clang" -cc1 -triple x86_64-pc-linux-gnu -emit-obj -mrelax-all -disable-free -clear-ast-before-backend -disable-llvm-verifier -discard-value-names -main-file-name CMakeCXXCompilerABI.cpp -mrelocation-model pic -pic-level 2 -pic-is-pie -mframe-pointer=all -fmath-errno -ffp-contract=on -fno-rounding-math -mconstructor-aliases -funwind-tables=2 -target-cpu x86-64 -tune-cpu generic -mllvm -treat-scalable-fixed-error-as-warning -debugger-tuning=gdb -v -fcoverage-compilation-dir=/symcc/build_symcc/SymCCRuntime-prefix/src/SymCCRuntime-build/CMakeFiles/CMakeTmp -resource-dir /usr/lib/llvm-16/lib/clang/16 -internal-isystem /usr/bin/../lib/gcc/x86_64-linux-gnu/13/../../../../include/c++/13 -internal-isystem /usr/bin/../lib/gcc/x86_64-linux-gnu/13/../../../../include/x86_64-linux-gnu/c++/13 -internal-isystem /usr/bin/../lib/gcc/x86_64-linux-gnu/13/../../../../include/c++/13/backward -internal-isystem /usr/lib/llvm-16/lib/clang/16/include -internal-isystem /usr/local/include -internal-isystem /usr/bin/../lib/gcc/x86_64-linux-gnu/13/../../../../x86_64-linux-gnu/include -internal-externc-isystem /usr/include/x86_64-linux-gnu -internal-externc-isystem /include -internal-externc-isystem /usr/include -fdeprecated-macro -fdebug-compilation-dir=/symcc/build_symcc/SymCCRuntime-prefix/src/SymCCRuntime-build/CMakeFiles/CMakeTmp -ferror-limit 19 -fgnuc-version=4.2.1 -fcxx-exceptions -fexceptions -faddrsig -D__GCC_HAVE_DWARF2_CFI_ASM=1 -o CMakeFiles/cmTC_2ab00.dir/CMakeCXXCompilerABI.cpp.o -x c++ /usr/share/cmake-3.16/Modules/CMakeCXXCompilerABI.cpp]
  ignore line: [clang -cc1 version 16.0.6 based upon LLVM 16.0.6 default target x86_64-pc-linux-gnu]
  ignore line: [ignoring nonexistent directory "/usr/bin/../lib/gcc/x86_64-linux-gnu/13/../../../../x86_64-linux-gnu/include"]
  ignore line: [ignoring nonexistent directory "/include"]
  ignore line: [#include "..." search starts here:]
  ignore line: [#include <...> search starts here:]
  ignore line: [ /usr/bin/../lib/gcc/x86_64-linux-gnu/13/../../../../include/c++/13]
  ignore line: [ /usr/bin/../lib/gcc/x86_64-linux-gnu/13/../../../../include/x86_64-linux-gnu/c++/13]
  ignore line: [ /usr/bin/../lib/gcc/x86_64-linux-gnu/13/../../../../include/c++/13/backward]
  ignore line: [ /usr/lib/llvm-16/lib/clang/16/include]
  ignore line: [ /usr/local/include]
  ignore line: [ /usr/include/x86_64-linux-gnu]
  ignore line: [ /usr/include]
  ignore line: [End of search list.]
  ignore line: [[2/2] Linking CXX executable cmTC_2ab00]
  ignore line: [Ubuntu clang version 16.0.6 (++20231112100455+7cbf1a259152-1~exp1~20231112100542.106)]
  ignore line: [Target: x86_64-pc-linux-gnu]
  ignore line: [Thread model: posix]
  ignore line: [InstalledDir: /usr/bin]
  ignore line: [Found candidate GCC installation: /usr/bin/../lib/gcc/x86_64-linux-gnu/11]
  ignore line: [Found candidate GCC installation: /usr/bin/../lib/gcc/x86_64-linux-gnu/13]
  ignore line: [Found candidate GCC installation: /usr/bin/../lib/gcc/x86_64-linux-gnu/9]
  ignore line: [Selected GCC installation: /usr/bin/../lib/gcc/x86_64-linux-gnu/13]
  ignore line: [Candidate multilib: .]
  ignore line: [@m64]
  ignore line: [Selected multilib: .]
  ignore line: [@m64]
  link line: [ "/usr/bin/ld" -pie -z relro --hash-style=gnu --build-id --eh-frame-hdr -m elf_x86_64 -dynamic-linker /lib64/ld-linux-x86-64.so.2 -o cmTC_2ab00 /lib/x86_64-linux-gnu/Scrt1.o /lib/x86_64-linux-gnu/crti.o /usr/bin/../lib/gcc/x86_64-linux-gnu/13/crtbeginS.o -L/usr/bin/../lib/gcc/x86_64-linux-gnu/13 -L/usr/bin/../lib/gcc/x86_64-linux-gnu/13/../../../../lib64 -L/lib/x86_64-linux-gnu -L/lib/../lib64 -L/usr/lib/x86_64-linux-gnu -L/usr/lib/../lib64 -L/lib -L/usr/lib CMakeFiles/cmTC_2ab00.dir/CMakeCXXCompilerABI.cpp.o -lstdc++ -lm -lgcc_s -lgcc -lc -lgcc_s -lgcc /usr/bin/../lib/gcc/x86_64-linux-gnu/13/crtendS.o /lib/x86_64-linux-gnu/crtn.o]
    arg [/usr/bin/ld] ==> ignore
    arg [-pie] ==> ignore
    arg [-zrelro] ==> ignore
    arg [--hash-style=gnu] ==> ignore
    arg [--build-id] ==> ignore
    arg [--eh-frame-hdr] ==> ignore
    arg [-m] ==> ignore
    arg [elf_x86_64] ==> ignore
    arg [-dynamic-linker] ==> ignore
    arg [/lib64/ld-linux-x86-64.so.2] ==> ignore
    arg [-o] ==> ignore
    arg [cmTC_2ab00] ==> ignore
    arg [/lib/x86_64-linux-gnu/Scrt1.o] ==> ignore
    arg [/lib/x86_64-linux-gnu/crti.o] ==> ignore
    arg [/usr/bin/../lib/gcc/x86_64-linux-gnu/13/crtbeginS.o] ==> ignore
    arg [-L/usr/bin/../lib/gcc/x86_64-linux-gnu/13] ==> dir [/usr/bin/../lib/gcc/x86_64-linux-gnu/13]
    arg [-L/usr/bin/../lib/gcc/x86_64-linux-gnu/13/../../../../lib64] ==> dir [/usr/bin/../lib/gcc/x86_64-linux-gnu/13/../../../../lib64]
    arg [-L/lib/x86_64-linux-gnu] ==> dir [/lib/x86_64-linux-gnu]
    arg [-L/lib/../lib64] ==> dir [/lib/../lib64]
    arg [-L/usr/lib/x86_64-linux-gnu] ==> dir [/usr/lib/x86_64-linux-gnu]
    arg [-L/usr/lib/../lib64] ==> dir [/usr/lib/../lib64]
    arg [-L/lib] ==> dir [/lib]
    arg [-L/usr/lib] ==> dir [/usr/lib]
    arg [CMakeFiles/cmTC_2ab00.dir/CMakeCXXCompilerABI.cpp.o] ==> ignore
    arg [-lstdc++] ==> lib [stdc++]
    arg [-lm] ==> lib [m]
    arg [-lgcc_s] ==> lib [gcc_s]
    arg [-lgcc] ==> lib [gcc]
    arg [-lc] ==> lib [c]
    arg [-lgcc_s] ==> lib [gcc_s]
    arg [-lgcc] ==> lib [gcc]
    arg [/usr/bin/../lib/gcc/x86_64-linux-gnu/13/crtendS.o] ==> ignore
    arg [/lib/x86_64-linux-gnu/crtn.o] ==> ignore
  collapse library dir [/usr/bin/../lib/gcc/x86_64-linux-gnu/13] ==> [/usr/lib/gcc/x86_64-linux-gnu/13]
  collapse library dir [/usr/bin/../lib/gcc/x86_64-linux-gnu/13/../../../../lib64] ==> [/usr/lib64]
  collapse library dir [/lib/x86_64-linux-gnu] ==> [/lib/x86_64-linux-gnu]
  collapse library dir [/lib/../lib64] ==> [/lib64]
  collapse library dir [/usr/lib/x86_64-linux-gnu] ==> [/usr/lib/x86_64-linux-gnu]
  collapse library dir [/usr/lib/../lib64] ==> [/usr/lib64]
  collapse library dir [/lib] ==> [/lib]
  collapse library dir [/usr/lib] ==> [/usr/lib]
  implicit libs: [stdc++;m;gcc_s;gcc;c;gcc_s;gcc]
  implicit dirs: [/usr/lib/gcc/x86_64-linux-gnu/13;/usr/lib64;/lib/x86_64-linux-gnu;/lib64;/usr/lib/x86_64-linux-gnu;/lib;/usr/lib]
  implicit fwks: []


Performing C SOURCE FILE Test HAVE_FFI_CALL succeeded with the following output:
Change Dir: /symcc/build_symcc/SymCCRuntime-prefix/src/SymCCRuntime-build/CMakeFiles/CMakeTmp

Run Build Command(s):/usr/bin/ninja cmTC_3dfcf && [1/2] Building C object CMakeFiles/cmTC_3dfcf.dir/src.c.o
[2/2] Linking C executable cmTC_3dfcf


Source file was:

    struct ffi_cif;
    typedef struct ffi_cif ffi_cif;
    void ffi_call(ffi_cif *cif, void (*fn)(void), void *rvalue, void **avalue);
    int main(void) { ffi_call(0, 0, 0, 0); }
Performing C SOURCE FILE Test Terminfo_LINKABLE succeeded with the following output:
Change Dir: /symcc/build_symcc/SymCCRuntime-prefix/src/SymCCRuntime-build/CMakeFiles/CMakeTmp

Run Build Command(s):/usr/bin/ninja cmTC_62098 && [1/2] Building C object CMakeFiles/cmTC_62098.dir/src.c.o
[2/2] Linking C executable cmTC_62098


Source file was:

    int setupterm(char *term, int filedes, int *errret);
    int main(void) { return setupterm(0, 0, 0); }
Determining if the include file filesystem exists passed with the following output:
Change Dir: /symcc/build_symcc/SymCCRuntime-prefix/src/SymCCRuntime-build/CMakeFiles/CMakeTmp

Run Build Command(s):/usr/bin/ninja cmTC_8503b && [1/2] Building CXX object CMakeFiles/cmTC_8503b.dir/CheckIncludeFile.cxx.o
[2/2] Linking CXX executable cmTC_8503b



Performing C++ SOURCE FILE Test CXX_FILESYSTEM_NO_LINK_NEEDED succeeded with the following output:
Change Dir: /symcc/build_symcc/SymCCRuntime-prefix/src/SymCCRuntime-build/CMakeFiles/CMakeTmp

Run Build Command(s):/usr/bin/ninja cmTC_bbb09 && [1/2] Building CXX object CMakeFiles/cmTC_bbb09.dir/src.cxx.o
[2/2] Linking CXX executable cmTC_bbb09


...and run output:
/symcc/build_symcc/SymCCRuntime-prefix/src/SymCCRuntime-build
Return value: 1
Source file was:
        #include <cstdlib>
        #include <filesystem>

        int main() {
            auto cwd = std::filesystem::current_path();
            printf("%s", cwd.c_str());
            return EXIT_SUCCESS;
        }
    
